[    5574ms] [ERROR] dataGtmElement not found. Please inform dataGtmElement or use direct google tag manager @ https://sso.hotmart.com/themes/custom/js/custom.bundle.min.js?v=0.20.1:0
[   40871ms] [ERROR] Failed to load resource: net::ERR_NETWORK_CHANGED @ https://66e489b29fed.edge.sdk.awswaf.com/66e489b29fed/ce32c50e9b85/telemetry:0
[   41078ms] [ERROR] Failed to load resource: net::ERR_NAME_NOT_RESOLVED @ https://66e489b29fed.edge.sdk.awswaf.com/66e489b29fed/ce32c50e9b85/report:0
[   50905ms] [ERROR] Failed to load resource: net::ERR_INTERNET_DISCONNECTED @ https://66e489b29fed.edge.sdk.awswaf.com/66e489b29fed/ce32c50e9b85/telemetry:0
[   50909ms] [ERROR] Failed to load resource: net::ERR_INTERNET_DISCONNECTED @ https://66e489b29fed.edge.sdk.awswaf.com/66e489b29fed/ce32c50e9b85/report:0
[   74803ms] [ERROR] Failed to load resource: net::ERR_NETWORK_CHANGED @ https://66e489b29fed.edge.sdk.awswaf.com/66e489b29fed/ce32c50e9b85/telemetry:0
[   74805ms] [ERROR] Failed to load resource: net::ERR_NETWORK_CHANGED @ https://bat.bing.com/p/insights/c/h:0
[   74805ms] [ERROR] Failed to load resource: net::ERR_NETWORK_CHANGED @ https://h.clarity.ms/collect:0
[   74986ms] [ERROR] Failed to load resource: net::ERR_NAME_NOT_RESOLVED @ https://66e489b29fed.edge.sdk.awswaf.com/66e489b29fed/ce32c50e9b85/report:0
[   74988ms] [ERROR] Failed to load resource: net::ERR_NAME_NOT_RESOLVED @ https://bat.bing.com/p/insights/c/h:0
[   74990ms] [ERROR] Failed to load resource: net::ERR_NAME_NOT_RESOLVED @ https://h.clarity.ms/collect:0
[   74994ms] [ERROR] Failed to load resource: net::ERR_INTERNET_DISCONNECTED @ https://bat.bing.com/p/insights/c/h:0
[   74994ms] [ERROR] Failed to load resource: net::ERR_INTERNET_DISCONNECTED @ https://bat.bing.com/p/insights/c/h:0
[   74994ms] [ERROR] Failed to load resource: net::ERR_INTERNET_DISCONNECTED @ https://h.clarity.ms/collect:0
[   74994ms] [ERROR] Failed to load resource: net::ERR_INTERNET_DISCONNECTED @ https://h.clarity.ms/collect:0
[  117879ms] [ERROR] Failed to load resource: net::ERR_NAME_NOT_RESOLVED @ https://66e489b29fed.edge.sdk.awswaf.com/66e489b29fed/ce32c50e9b85/telemetry:0
[  150939ms] [ERROR] Failed to load resource: net::ERR_NAME_NOT_RESOLVED @ https://66e489b29fed.edge.sdk.awswaf.com/66e489b29fed/ce32c50e9b85/report:0
[  150939ms] [ERROR] Failed to load resource: net::ERR_NAME_NOT_RESOLVED @ https://66e489b29fed.edge.sdk.awswaf.com/66e489b29fed/ce32c50e9b85/telemetry:0
[  168898ms] [ERROR] Failed to load resource: net::ERR_NETWORK_CHANGED @ https://66e489b29fed.edge.sdk.awswaf.com/66e489b29fed/ce32c50e9b85/report:0
[  168899ms] [ERROR] Failed to load resource: net::ERR_NETWORK_CHANGED @ https://66e489b29fed.edge.sdk.awswaf.com/66e489b29fed/ce32c50e9b85/telemetry:0
[  168901ms] [ERROR] Failed to load resource: net::ERR_NETWORK_CHANGED @ https://analytics.tiktok.com/api/v2/pixel/inter:0
[  169088ms] [ERROR] Failed to load resource: net::ERR_NAME_NOT_RESOLVED @ https://66e489b29fed.edge.sdk.awswaf.com/66e489b29fed/ce32c50e9b85/report:0
[  173863ms] [ERROR] Failed to load resource: net::ERR_INTERNET_DISCONNECTED @ https://ct.pinterest.com/user/?pd=%7B%22aem%22%3A%22839865818b0af2c2c341c84cb902d2305699bef2281158c6e5f08238b426b8bf%22%7D&cb=1775856050084&dep=1%2CLISTENER_SCRAPE:0
[  207551ms] [ERROR] Failed to load resource: net::ERR_NAME_NOT_RESOLVED @ https://66e489b29fed.edge.sdk.awswaf.com/66e489b29fed/ce32c50e9b85/inputs?client=browser:0
[  207553ms] [ERROR] Failed to load resource: net::ERR_NAME_NOT_RESOLVED @ https://66e489b29fed.edge.sdk.awswaf.com/66e489b29fed/ce32c50e9b85/telemetry:0
[  211602ms] [ERROR] Failed to load resource: net::ERR_NAME_NOT_RESOLVED @ https://analytics.tiktok.com/api/v2/pixel/act:0
[  211602ms] [ERROR] Failed to load resource: net::ERR_NAME_NOT_RESOLVED @ https://analytics.tiktok.com/api/v2/pixel:0
[  211602ms] [ERROR] Failed to load resource: net::ERR_NAME_NOT_RESOLVED @ https://analytics.tiktok.com/api/v2/pixel/inter:0
[  211602ms] [ERROR] Failed to load resource: net::ERR_NAME_NOT_RESOLVED @ https://analytics.tiktok.com/api/v2/pixel/inter:0
[  211602ms] [ERROR] Failed to load resource: net::ERR_NAME_NOT_RESOLVED @ https://analytics-ipv6.tiktokw.us/ipv6/enrich_ipv6:0
[  211606ms] [ERROR] Failed to load resource: net::ERR_NAME_NOT_RESOLVED @ https://tracking-api.hotmart.com/rest/track/event/json:0
[  211610ms] [ERROR] [HOT-SSO-datahub-track] TypeError: Failed to fetch
    at https://sso.hotmart.com/themes/custom/js/custom.bundle.min.js?v=0.20.1:1:15537
    at https://sso.hotmart.com/themes/custom/js/custom.bundle.min.js?v=0.20.1:1:15537
    at sendDatahub (https://sso.hotmart.com/login?service=https%3A%2F%2Fsso.hotmart.com%2Foauth2.0%2FcallbackAuthorize%3Fclient_id%3D73a116f6-27a1-4c6c-828b-4c85994d1cb5%26scope%3Dopenid%2Bprofile%2Bemail%2Buser%2Bauthorities%2Bscope%2Bastrobox%2Bbrain%26redirect_uri%3Dhttps%253A%252F%252Fastrobox.hotmart.com%252Fauth%252Flogin%26response_type%3Dcode%26state%3D210a8f892bfc4d12967e0cab6fd07f89%26client_name%3DCasOAuthClient:926:32)
    at buildObjDatahub (https://sso.hotmart.com/login?service=https%3A%2F%2Fsso.hotmart.com%2Foauth2.0%2FcallbackAuthorize%3Fclient_id%3D73a116f6-27a1-4c6c-828b-4c85994d1cb5%26scope%3Dopenid%2Bprofile%2Bemail%2Buser%2Bauthorities%2Bscope%2Bastrobox%2Bbrain%26redirect_uri%3Dhttps%253A%252F%252Fastrobox.hotmart.com%252Fauth%252Flogin%26response_type%3Dcode%26state%3D210a8f892bfc4d12967e0cab6fd07f89%26client_name%3DCasOAuthClient:978:13)
    at https://sso.hotmart.com/login?service=https%3A%2F%2Fsso.hotmart.com%2Foauth2.0%2FcallbackAuthorize%3Fclient_id%3D73a116f6-27a1-4c6c-828b-4c85994d1cb5%26scope%3Dopenid%2Bprofile%2Bemail%2Buser%2Bauthorities%2Bscope%2Bastrobox%2Bbrain%26redirect_uri%3Dhttps%253A%252F%252Fastrobox.hotmart.com%252Fauth%252Flogin%26response_type%3Dcode%26state%3D210a8f892bfc4d12967e0cab6fd07f89%26client_name%3DCasOAuthClient:1018:17 @ https://sso.hotmart.com/themes/custom/js/custom.bundle.min.js?v=0.20.1:0
[  211613ms] [ERROR] Failed to load resource: net::ERR_NAME_NOT_RESOLVED @ https://tracking-api.hotmart.com/rest/track/event/json:0
[  215436ms] [ERROR] Failed to load resource: net::ERR_NAME_NOT_RESOLVED @ https://analytics.google.com/g/collect?v=2&tid=G-GQH2V1F11Q&gtm=45je6481v892999410z8851651731za20gzb851651731zd851651731&_p=1775855880482&_gaz=1&gcs=G111&gcd=13r3v3r3r5l1&npa=0&dma=0&ecid=2089984038&_eu=EAAAAGQ&are=1&cid=228000094.1775851505&frm=0&ir=1&pscdl=noapi&rcb=11&sr=1280x720&uaa=arm&uab=64&uafvl=Chromium%3B146.0.7680.180%7CNot-A.Brand%3B24.0.0.0%7CGoogle%2520Chrome%3B146.0.7680.180&uam=&uamb=0&uap=macOS&uapv=26.3.1&uaw=0&ul=pt-br&_s=6&tag_exp=0~115616986~115938466~115938469~117266401~117384405&uid=&sid=1775855882&sct=2&seg=1&dl=https%3A%2F%2Fsso.hotmart.com%2Flogin%3Fservice%3Dhttps%253A%252F%252Fsso.hotmart.com%252Foauth2.0%252FcallbackAuthorize%253Fclient_id%253D73a116f6-27a1-4c6c-828b-4c85994d1cb5%2526scope%253Dopenid%252Bprofile%252Bemail%252Buser%252Bauthorities%252Bscope%252Bastrobox%252Bbrain%2526redirect_uri%253Dhttps%25253A%25252F%25252Fastrobox.hotmart.com%25252Fauth%25252Flogin%2526response_type%253Dcode%2526state%253D210a8f892bfc4d12967e0cab6fd07f89%2526client_name%253DCasOAuthClient&dr=https%3A%2F%2Fastrobox.hotmart.com%2F&dt=Login%20-%20Hotmart&_tu=CA&tfd=178637:0
[  215436ms] [ERROR] Failed to load resource: net::ERR_NAME_NOT_RESOLVED @ https://www.google.com.br/ads/ga-audiences?v=1&t=sr&slf_rd=1&_r=4&tid=G-GQH2V1F11Q&cid=228000094.1775851505&gtm=45je6481v892999410z8851651731za20gzb851651731zd851651731&rcb=11&aip=1&dma=0&gcs=G111&gcd=13r3v3r3r5l1&npa=0&frm=0&tag_exp=0~115616986~115938466~115938469~117266401~117384405&z=1746618081:0
[  237827ms] [ERROR] Failed to load resource: net::ERR_NETWORK_CHANGED @ https://66e489b29fed.edge.sdk.awswaf.com/66e489b29fed/ce32c50e9b85/report:0
[  237827ms] [ERROR] Failed to load resource: net::ERR_NETWORK_CHANGED @ https://66e489b29fed.edge.sdk.awswaf.com/66e489b29fed/ce32c50e9b85/report:0
[  237827ms] [ERROR] Failed to load resource: net::ERR_NETWORK_CHANGED @ https://66e489b29fed.edge.sdk.awswaf.com/66e489b29fed/ce32c50e9b85/report:0
[  237828ms] [ERROR] Failed to load resource: net::ERR_NETWORK_CHANGED @ https://66e489b29fed.edge.sdk.awswaf.com/66e489b29fed/ce32c50e9b85/telemetry:0
